<?xml version="1.0" encoding="UTF-8"?>
<!-- Generated by org.testng.reporters.JUnitReportReporter -->
<testsuite skipped="0" hostname="Nagaraj-PC" name="Com.test.SearchHotelTest" tests="2" failures="0" timestamp="19 Jun 2020 07:09:36 GMT" time="39.594" errors="0">
  <testcase name="validateLocation" time="20.341" classname="Com.test.SearchHotelTest"/>
  <testcase name="validate" time="19.253" classname="Com.test.SearchHotelTest"/>
</testsuite> <!-- Com.test.SearchHotelTest -->
