<?xml version="1.0" encoding="UTF-8"?>
<!-- Generated by org.testng.reporters.JUnitReportReporter -->
<testsuite skipped="0" hostname="Nagaraj-PC" name="TestClass.BasicTest" tests="1" failures="0" timestamp="17 Jun 2020 13:39:36 GMT" time="0.007" errors="0">
  <testcase name="linkLink" time="0.007" classname="TestClass.BasicTest"/>
</testsuite> <!-- TestClass.BasicTest -->
