<?xml version="1.0" encoding="UTF-8"?>
<!-- Generated by org.testng.reporters.JUnitReportReporter -->
<testsuite skipped="0" hostname="Nagaraj-PC" name="TestRunner.TestCasee" tests="3" failures="0" timestamp="19 Jun 2020 04:23:17 GMT" time="88.090" errors="0">
  <testcase name="getlogo" time="16.755" classname="TestRunner.TestCasee"/>
  <testcase name="signtest" time="46.277" classname="TestRunner.TestCasee"/>
  <testcase name="getdisplay" time="25.058" classname="TestRunner.TestCasee"/>
</testsuite> <!-- TestRunner.TestCasee -->
