<?xml version="1.0" encoding="UTF-8"?>
<!-- Generated by org.testng.reporters.JUnitReportReporter -->
<testsuite skipped="0" hostname="Nagaraj-PC" name="TestClass.Gmail" tests="1" failures="0" timestamp="17 Jun 2020 08:16:27 GMT" time="11.118" errors="0">
  <testcase name="login" time="11.118" classname="TestClass.Gmail"/>
</testsuite> <!-- TestClass.Gmail -->
