<?xml version="1.0" encoding="UTF-8"?>
<!-- Generated by org.testng.reporters.JUnitReportReporter -->
<testsuite skipped="0" hostname="Nagaraj-PC" name="Com.test.LoginpageTest" tests="2" failures="0" timestamp="19 Jun 2020 06:00:58 GMT" time="38.768" errors="0">
  <testcase name="validateUser" time="30.409" classname="Com.test.LoginpageTest"/>
  <testcase name="logoTest" time="8.359" classname="Com.test.LoginpageTest"/>
</testsuite> <!-- Com.test.LoginpageTest -->
